2025-01-02 14:22:23,821 - INFO - Received POST request to /save_rooms
2025-01-02 14:22:23,821 - INFO - Successfully parsed JSON data
2025-01-02 14:22:23,822 - DEBUG - Received room data: {
  "guest_bathroom": {
    "priority": "low",
    "budget": {
      "amount": 2,
      "notes": "Focus on essential updates, keeping existing layout",
      "attachments": [
        "guest_bath_inspiration.jpg",
        "contractor_quote.pdf"
      ]
    },
    "square_footage": {
      "value": 40,
      "cost": 0,
      "notes": "No structural changes planned",
      "vendor": "",
      "attachments": [
        "floor_plan.pdf"
      ]
    },
    "painting": {
      "walls": {
        "color": "Benjamin Moore Pale Oak OC-20",
        "finish": "Eggshell",
        "paint_type": "bathroom_specific",
        "cost": 145,
        "notes": "2 gallons needed",
        "vendor": "Benjamin Moore Store",
        "attachments": [
          "paint_swatch.jpg"
        ]
      }
    }
  },
  "kitchen": {
    "priority": "high",
    "budget": {
      "amount": 4248,
      "notes": "Priority on appliances and countertops",
      "attachments": [
        "kitchen_layout.pdf"
      ]
    }
  },
  "living_room": {
    "priority": "low",
    "budget": {
      "amount": 904,
      "notes": "Focus on flooring and paint",
      "attachments": [
        "living_room_plan.pdf"
      ]
    }
  },
  "master_bedroom": {
    "priority": "low",
    "budget": {
      "amount": 803.99,
      "notes": "New flooring and closet organization",
      "attachments": [
        "bedroom_layout.pdf"
      ]
    },
    "painting": {
      "walls": {
        "color": "Sherwin Williams Agreeable Gray",
        "finish": "Eggshell",
        "paint_type": "low-VOC",
        "cost": 165,
        "notes": "2 gallons needed for complete coverage",
        "vendor": "Sherwin Williams",
        "attachments": [
          "master_paint_swatch.jpg"
        ]
      }
    }
  }
}
2025-01-02 14:22:23,822 - DEBUG - Updating guest_bathroom
2025-01-02 14:22:23,822 - DEBUG - Updated priority to low
2025-01-02 14:22:23,824 - DEBUG - Updated budget to 2
2025-01-02 14:22:23,824 - DEBUG - Updated square footage to 40
2025-01-02 14:22:23,824 - DEBUG - Updated painting data
2025-01-02 14:22:23,824 - DEBUG - Updating kitchen
2025-01-02 14:22:23,824 - DEBUG - Updated priority to high
2025-01-02 14:22:23,824 - DEBUG - Updated budget to 4248
2025-01-02 14:22:23,824 - DEBUG - Updating living_room
2025-01-02 14:22:23,824 - DEBUG - Updated priority to low
2025-01-02 14:22:23,824 - DEBUG - Updated budget to 904
2025-01-02 14:22:23,825 - DEBUG - Updating master_bedroom
2025-01-02 14:22:23,825 - DEBUG - Updated priority to low
2025-01-02 14:22:23,825 - DEBUG - Updated budget to 803.99
2025-01-02 14:22:23,825 - DEBUG - Updated painting data
2025-01-02 14:22:23,825 - DEBUG - Saving updated data to file
2025-01-02 14:22:23,827 - DEBUG - File saved successfully
2025-01-02 14:30:49,134 - INFO - Received POST request to /save_rooms
2025-01-02 14:30:49,134 - INFO - Successfully parsed JSON data
2025-01-02 14:30:49,135 - DEBUG - Received room data: {
  "guest_bathroom": {
    "priority": "low",
    "budget": {
      "amount": 2000,
      "notes": "Focus on essential updates, keeping existing layout",
      "attachments": [
        "guest_bath_inspiration.jpg",
        "contractor_quote.pdf"
      ]
    },
    "square_footage": {
      "value": 40,
      "cost": 0,
      "notes": "No structural changes planned",
      "vendor": "",
      "attachments": [
        "floor_plan.pdf"
      ]
    },
    "painting": {
      "walls": {
        "color": "Benjamin Moore Pale Oak OC-20",
        "finish": "Eggshell",
        "paint_type": "bathroom_specific",
        "cost": 145,
        "notes": "2 gallons needed",
        "vendor": "Benjamin Moore Store",
        "attachments": [
          "paint_swatch.jpg"
        ]
      }
    }
  },
  "kitchen": {
    "priority": "high",
    "budget": {
      "amount": 4248,
      "notes": "Priority on appliances and countertops",
      "attachments": [
        "kitchen_layout.pdf"
      ]
    }
  },
  "living_room": {
    "priority": "low",
    "budget": {
      "amount": 904,
      "notes": "Focus on flooring and paint",
      "attachments": [
        "living_room_plan.pdf"
      ]
    }
  },
  "master_bedroom": {
    "priority": "low",
    "budget": {
      "amount": 803.99,
      "notes": "New flooring and closet organization",
      "attachments": [
        "bedroom_layout.pdf"
      ]
    },
    "painting": {
      "walls": {
        "color": "Sherwin Williams Agreeable Gray",
        "finish": "Eggshell",
        "paint_type": "low-VOC",
        "cost": 165,
        "notes": "2 gallons needed for complete coverage",
        "vendor": "Sherwin Williams",
        "attachments": [
          "master_paint_swatch.jpg"
        ]
      }
    }
  }
}
2025-01-02 14:30:49,135 - DEBUG - Updating guest_bathroom
2025-01-02 14:30:49,135 - DEBUG - Updated priority to low
2025-01-02 14:30:49,135 - DEBUG - Updated budget to 2000
2025-01-02 14:30:49,136 - DEBUG - Updated square footage to 40
2025-01-02 14:30:49,136 - DEBUG - Updated painting data
2025-01-02 14:30:49,136 - DEBUG - Updating kitchen
2025-01-02 14:30:49,136 - DEBUG - Updated priority to high
2025-01-02 14:30:49,137 - DEBUG - Updated budget to 4248
2025-01-02 14:30:49,137 - DEBUG - Updating living_room
2025-01-02 14:30:49,137 - DEBUG - Updated priority to low
2025-01-02 14:30:49,137 - DEBUG - Updated budget to 904
2025-01-02 14:30:49,137 - DEBUG - Updating master_bedroom
2025-01-02 14:30:49,137 - DEBUG - Updated priority to low
2025-01-02 14:30:49,137 - DEBUG - Updated budget to 803.99
2025-01-02 14:30:49,138 - DEBUG - Updated painting data
2025-01-02 14:30:49,140 - INFO - Created backup: converted_source.json.20250102_143049.bak
2025-01-02 14:30:49,140 - INFO - Saving changes at 2025-01-02 14:30:49
2025-01-02 14:30:49,142 - INFO - Successfully saved changes to file
2025-01-02 14:35:20,440 - INFO - Created versions directory: versions
2025-01-02 14:35:33,298 - INFO - Received POST request to /save_rooms
2025-01-02 14:35:33,298 - INFO - Successfully parsed JSON data
2025-01-02 14:35:33,299 - DEBUG - Received room data: {
  "guest_bathroom": {
    "priority": "low",
    "budget": {
      "amount": 2000,
      "notes": "Focus on essential updates, keeping existing layout",
      "attachments": [
        "guest_bath_inspiration.jpg",
        "contractor_quote.pdf"
      ]
    },
    "square_footage": {
      "value": 40,
      "cost": 0,
      "notes": "No structural changes planned",
      "vendor": "",
      "attachments": [
        "floor_plan.pdf"
      ]
    },
    "painting": {
      "walls": {
        "color": "Benjamin Moore Pale Oak OC-20",
        "finish": "Eggshell",
        "paint_type": "bathroom_specific",
        "cost": 145,
        "notes": "2 gallons needed",
        "vendor": "Benjamin Moore Store",
        "attachments": [
          "paint_swatch.jpg"
        ]
      }
    }
  },
  "kitchen": {
    "priority": "high",
    "budget": {
      "amount": 4248,
      "notes": "Priority on appliances and countertops",
      "attachments": [
        "kitchen_layout.pdf"
      ]
    }
  },
  "living_room": {
    "priority": "low",
    "budget": {
      "amount": 904,
      "notes": "Focus on flooring and paint",
      "attachments": [
        "living_room_plan.pdf"
      ]
    }
  },
  "master_bedroom": {
    "priority": "low",
    "budget": {
      "amount": 803.99,
      "notes": "New flooring and closet organization",
      "attachments": [
        "bedroom_layout.pdf"
      ]
    },
    "painting": {
      "walls": {
        "color": "Sherwin Williams Agreeable Gray",
        "finish": "Eggshell",
        "paint_type": "low-VOC",
        "cost": 165,
        "notes": "2 gallons needed for complete coverage",
        "vendor": "Sherwin Williams",
        "attachments": [
          "master_paint_swatch.jpg"
        ]
      }
    }
  }
}
2025-01-02 14:35:33,308 - DEBUG - Updating guest_bathroom
2025-01-02 14:35:33,308 - DEBUG - Updated priority to low
2025-01-02 14:35:33,308 - DEBUG - Updated budget to 2000
2025-01-02 14:35:33,308 - DEBUG - Updated square footage to 40
2025-01-02 14:35:33,308 - DEBUG - Updated painting data
2025-01-02 14:35:33,309 - DEBUG - Updating kitchen
2025-01-02 14:35:33,309 - DEBUG - Updated priority to high
2025-01-02 14:35:33,309 - DEBUG - Updated budget to 4248
2025-01-02 14:35:33,309 - DEBUG - Updating living_room
2025-01-02 14:35:33,309 - DEBUG - Updated priority to low
2025-01-02 14:35:33,309 - DEBUG - Updated budget to 904
2025-01-02 14:35:33,310 - DEBUG - Updating master_bedroom
2025-01-02 14:35:33,310 - DEBUG - Updated priority to low
2025-01-02 14:35:33,310 - DEBUG - Updated budget to 803.99
2025-01-02 14:35:33,310 - DEBUG - Updated painting data
2025-01-02 14:35:33,312 - INFO - Created backup: converted_source.json.20250102_143533.bak
2025-01-02 14:35:33,314 - INFO - Saving changes at 2025-01-02_14-35-33
2025-01-02 14:35:33,316 - INFO - Successfully saved changes to versions\renovation_data_2025-01-02_14-35-33.json
2025-01-02 14:35:33,318 - INFO - Updated current version
2025-01-02 14:35:58,195 - INFO - Received POST request to /save_rooms
2025-01-02 14:35:58,195 - INFO - Successfully parsed JSON data
2025-01-02 14:35:58,196 - DEBUG - Received room data: {
  "guest_bathroom": {
    "priority": "low",
    "budget": {
      "amount": 2000,
      "notes": "Focus on essential updates, keeping existing layout",
      "attachments": [
        "guest_bath_inspiration.jpg",
        "contractor_quote.pdf"
      ]
    },
    "square_footage": {
      "value": 40,
      "cost": 0,
      "notes": "No structural changes planned",
      "vendor": "",
      "attachments": [
        "floor_plan.pdf"
      ]
    },
    "painting": {
      "walls": {
        "color": "Benjamin Moore Pale Oak OC-20",
        "finish": "Eggshell",
        "paint_type": "bathroom_specific",
        "cost": 145,
        "notes": "2 gallons needed",
        "vendor": "Benjamin Moore Store",
        "attachments": [
          "paint_swatch.jpg"
        ]
      }
    }
  },
  "kitchen": {
    "priority": "high",
    "budget": {
      "amount": 4248,
      "notes": "Priority on appliances and countertops\nair frier\nlighting",
      "attachments": [
        "kitchen_layout.pdf"
      ]
    }
  },
  "living_room": {
    "priority": "low",
    "budget": {
      "amount": 904,
      "notes": "Focus on flooring and paint",
      "attachments": [
        "living_room_plan.pdf"
      ]
    }
  },
  "master_bedroom": {
    "priority": "low",
    "budget": {
      "amount": 803.99,
      "notes": "New flooring and closet organization",
      "attachments": [
        "bedroom_layout.pdf"
      ]
    },
    "painting": {
      "walls": {
        "color": "Sherwin Williams Agreeable Gray",
        "finish": "Eggshell",
        "paint_type": "low-VOC",
        "cost": 165,
        "notes": "2 gallons needed for complete coverage",
        "vendor": "Sherwin Williams",
        "attachments": [
          "master_paint_swatch.jpg"
        ]
      }
    }
  }
}
2025-01-02 14:35:58,197 - DEBUG - Updating guest_bathroom
2025-01-02 14:35:58,197 - DEBUG - Updated priority to low
2025-01-02 14:35:58,198 - DEBUG - Updated budget to 2000
2025-01-02 14:35:58,198 - DEBUG - Updated square footage to 40
2025-01-02 14:35:58,198 - DEBUG - Updated painting data
2025-01-02 14:35:58,198 - DEBUG - Updating kitchen
2025-01-02 14:35:58,199 - DEBUG - Updated priority to high
2025-01-02 14:35:58,199 - DEBUG - Updated budget to 4248
2025-01-02 14:35:58,199 - DEBUG - Updating living_room
2025-01-02 14:35:58,199 - DEBUG - Updated priority to low
2025-01-02 14:35:58,200 - DEBUG - Updated budget to 904
2025-01-02 14:35:58,200 - DEBUG - Updating master_bedroom
2025-01-02 14:35:58,200 - DEBUG - Updated priority to low
2025-01-02 14:35:58,201 - DEBUG - Updated budget to 803.99
2025-01-02 14:35:58,201 - DEBUG - Updated painting data
2025-01-02 14:35:58,204 - INFO - Created backup: converted_source.json.20250102_143558.bak
2025-01-02 14:35:58,204 - INFO - Saving changes at 2025-01-02_14-35-58
2025-01-02 14:35:58,207 - INFO - Successfully saved changes to versions\renovation_data_2025-01-02_14-35-58.json
2025-01-02 14:35:58,209 - INFO - Updated current version
2025-01-02 14:36:29,817 - INFO - Received POST request to /save_rooms
2025-01-02 14:36:29,817 - INFO - Successfully parsed JSON data
2025-01-02 14:36:29,818 - DEBUG - Received room data: {
  "guest_bathroom": {
    "priority": "low",
    "budget": {
      "amount": 2000,
      "notes": "Focus on essential updates, keeping existing layout",
      "attachments": [
        "guest_bath_inspiration.jpg",
        "contractor_quote.pdf"
      ]
    },
    "square_footage": {
      "value": 40,
      "cost": 0,
      "notes": "No structural changes planned",
      "vendor": "",
      "attachments": [
        "floor_plan.pdf"
      ]
    },
    "painting": {
      "walls": {
        "color": "Benjamin Moore Pale Oak OC-20",
        "finish": "Eggshell",
        "paint_type": "bathroom_specific",
        "cost": 145,
        "notes": "2 gallons needed",
        "vendor": "Benjamin Moore Store",
        "attachments": [
          "paint_swatch.jpg"
        ]
      }
    }
  },
  "kitchen": {
    "priority": "high",
    "budget": {
      "amount": 4248,
      "notes": "Priority on appliances and countertops\nair frier\nlighting",
      "attachments": [
        "kitchen_layout.pdf"
      ]
    }
  },
  "living_room": {
    "priority": "low",
    "budget": {
      "amount": 904,
      "notes": "Focus on flooring and paint",
      "attachments": [
        "living_room_plan.pdf"
      ]
    }
  },
  "master_bedroom": {
    "priority": "low",
    "budget": {
      "amount": 803.99,
      "notes": "New flooring and closet organization",
      "attachments": [
        "bedroom_layout.pdf"
      ]
    },
    "painting": {
      "walls": {
        "color": "Sherwin Williams Agreeable Gray",
        "finish": "Eggshell",
        "paint_type": "low-VOC",
        "cost": 165,
        "notes": "2 gallons needed for complete coverage",
        "vendor": "Sherwin Williams",
        "attachments": [
          "master_paint_swatch.jpg"
        ]
      }
    }
  }
}
2025-01-02 14:36:29,819 - DEBUG - Updating guest_bathroom
2025-01-02 14:36:29,819 - DEBUG - Updated priority to low
2025-01-02 14:36:29,819 - DEBUG - Updated budget to 2000
2025-01-02 14:36:29,819 - DEBUG - Updated square footage to 40
2025-01-02 14:36:29,820 - DEBUG - Updated painting data
2025-01-02 14:36:29,820 - DEBUG - Updating kitchen
2025-01-02 14:36:29,820 - DEBUG - Updated priority to high
2025-01-02 14:36:29,820 - DEBUG - Updated budget to 4248
2025-01-02 14:36:29,820 - DEBUG - Updating living_room
2025-01-02 14:36:29,820 - DEBUG - Updated priority to low
2025-01-02 14:36:29,821 - DEBUG - Updated budget to 904
2025-01-02 14:36:29,821 - DEBUG - Updating master_bedroom
2025-01-02 14:36:29,821 - DEBUG - Updated priority to low
2025-01-02 14:36:29,822 - DEBUG - Updated budget to 803.99
2025-01-02 14:36:29,822 - DEBUG - Updated painting data
2025-01-02 14:36:29,823 - INFO - Created backup: converted_source.json.20250102_143629.bak
2025-01-02 14:36:29,823 - INFO - Saving changes at 2025-01-02_14-36-29
2025-01-02 14:36:29,826 - INFO - Successfully saved changes to versions\renovation_data_2025-01-02_14-36-29.json
2025-01-02 14:36:29,829 - INFO - Updated current version
2025-01-02 15:00:28,883 - ERROR - Error serving JSON file: [WinError 10053] An established connection was aborted by the software in your host machine
2025-01-02 15:00:28,930 - ERROR - Error listing JSON files: [WinError 10053] An established connection was aborted by the software in your host machine
2025-01-02 15:00:28,939 - ERROR - Error serving JSON file: [WinError 10053] An established connection was aborted by the software in your host machine
2025-01-02 15:00:28,948 - ERROR - Error serving JSON file: [WinError 10053] An established connection was aborted by the software in your host machine
2025-01-02 15:01:04,801 - INFO - Created directory: uploads
2025-01-02 15:03:08,503 - INFO - Received POST request to /add_project
2025-01-02 15:03:24,446 - INFO - Received POST request to /save_rooms
2025-01-02 15:03:24,446 - INFO - Successfully parsed JSON data
2025-01-02 15:03:24,447 - DEBUG - Received room data: {
  "guest_bathroom": {
    "priority": "low",
    "budget": {
      "amount": 2000,
      "notes": "Focus on essential updates, keeping existing layout",
      "attachments": [
        "guest_bath_inspiration.jpg",
        "contractor_quote.pdf"
      ]
    },
    "square_footage": {
      "value": 40,
      "cost": 0,
      "notes": "No structural changes planned",
      "vendor": "",
      "attachments": [
        "floor_plan.pdf"
      ]
    },
    "painting": {
      "walls": {
        "color": "Benjamin Moore Pale Oak OC-20",
        "finish": "Eggshell",
        "paint_type": "bathroom_specific",
        "cost": 145,
        "notes": "2 gallons needed",
        "vendor": "Benjamin Moore Store",
        "attachments": [
          "paint_swatch.jpg"
        ]
      }
    }
  },
  "kitchen": {
    "priority": "high",
    "budget": {
      "amount": 4248,
      "notes": "Priority on appliances and countertops",
      "attachments": [
        "kitchen_layout.pdf"
      ]
    }
  },
  "living_room": {
    "priority": "low",
    "budget": {
      "amount": 904,
      "notes": "Focus on flooring and paint",
      "attachments": [
        "living_room_plan.pdf"
      ]
    }
  },
  "master_bedroom": {
    "priority": "low",
    "budget": {
      "amount": 803.99,
      "notes": "New flooring and closet organization",
      "attachments": [
        "bedroom_layout.pdf"
      ]
    },
    "painting": {
      "walls": {
        "color": "Sherwin Williams Agreeable Gray",
        "finish": "Eggshell",
        "paint_type": "low-VOC",
        "cost": 165,
        "notes": "2 gallons needed for complete coverage",
        "vendor": "Sherwin Williams",
        "attachments": [
          "master_paint_swatch.jpg"
        ]
      }
    }
  }
}
2025-01-02 15:03:24,448 - DEBUG - Updating guest_bathroom
2025-01-02 15:03:24,448 - DEBUG - Updated priority to low
2025-01-02 15:03:24,448 - DEBUG - Updated budget to 2000
2025-01-02 15:03:24,448 - DEBUG - Updated square footage to 40
2025-01-02 15:03:24,448 - DEBUG - Updated painting data
2025-01-02 15:03:24,448 - DEBUG - Updating kitchen
2025-01-02 15:03:24,448 - DEBUG - Updated priority to high
2025-01-02 15:03:24,449 - DEBUG - Updated budget to 4248
2025-01-02 15:03:24,449 - DEBUG - Updating living_room
2025-01-02 15:03:24,449 - DEBUG - Updated priority to low
2025-01-02 15:03:24,449 - DEBUG - Updated budget to 904
2025-01-02 15:03:24,449 - DEBUG - Updating master_bedroom
2025-01-02 15:03:24,450 - DEBUG - Updated priority to low
2025-01-02 15:03:24,450 - DEBUG - Updated budget to 803.99
2025-01-02 15:03:24,450 - DEBUG - Updated painting data
2025-01-02 15:03:24,452 - INFO - Created backup: converted_source.json.20250102_150324.bak
2025-01-02 15:03:24,452 - INFO - Saving changes at 2025-01-02_15-03-24
2025-01-02 15:03:24,454 - INFO - Successfully saved changes to versions\renovation_data_2025-01-02_15-03-24.json
2025-01-02 15:03:24,456 - INFO - Updated current version
2025-01-02 15:03:26,964 - INFO - Received POST request to /save_rooms
2025-01-02 15:03:26,964 - INFO - Successfully parsed JSON data
2025-01-02 15:03:26,965 - DEBUG - Received room data: {
  "guest_bathroom": {
    "priority": "low",
    "budget": {
      "amount": 2000,
      "notes": "Focus on essential updates, keeping existing layout",
      "attachments": [
        "guest_bath_inspiration.jpg",
        "contractor_quote.pdf"
      ]
    },
    "square_footage": {
      "value": 40,
      "cost": 0,
      "notes": "No structural changes planned",
      "vendor": "",
      "attachments": [
        "floor_plan.pdf"
      ]
    },
    "painting": {
      "walls": {
        "color": "Benjamin Moore Pale Oak OC-20",
        "finish": "Eggshell",
        "paint_type": "bathroom_specific",
        "cost": 145,
        "notes": "2 gallons needed",
        "vendor": "Benjamin Moore Store",
        "attachments": [
          "paint_swatch.jpg"
        ]
      }
    }
  },
  "kitchen": {
    "priority": "high",
    "budget": {
      "amount": 4248,
      "notes": "Priority on appliances and countertops",
      "attachments": [
        "kitchen_layout.pdf"
      ]
    }
  },
  "living_room": {
    "priority": "low",
    "budget": {
      "amount": 904,
      "notes": "Focus on flooring and paint",
      "attachments": [
        "living_room_plan.pdf"
      ]
    }
  },
  "master_bedroom": {
    "priority": "low",
    "budget": {
      "amount": 803.99,
      "notes": "New flooring and closet organization",
      "attachments": [
        "bedroom_layout.pdf"
      ]
    },
    "painting": {
      "walls": {
        "color": "Sherwin Williams Agreeable Gray",
        "finish": "Eggshell",
        "paint_type": "low-VOC",
        "cost": 165,
        "notes": "2 gallons needed for complete coverage",
        "vendor": "Sherwin Williams",
        "attachments": [
          "master_paint_swatch.jpg"
        ]
      }
    }
  }
}
2025-01-02 15:03:26,966 - DEBUG - Updating guest_bathroom
2025-01-02 15:03:26,966 - DEBUG - Updated priority to low
2025-01-02 15:03:26,966 - DEBUG - Updated budget to 2000
2025-01-02 15:03:26,967 - DEBUG - Updated square footage to 40
2025-01-02 15:03:26,967 - DEBUG - Updated painting data
2025-01-02 15:03:26,967 - DEBUG - Updating kitchen
2025-01-02 15:03:26,967 - DEBUG - Updated priority to high
2025-01-02 15:03:26,967 - DEBUG - Updated budget to 4248
2025-01-02 15:03:26,967 - DEBUG - Updating living_room
2025-01-02 15:03:26,968 - DEBUG - Updated priority to low
2025-01-02 15:03:26,968 - DEBUG - Updated budget to 904
2025-01-02 15:03:26,968 - DEBUG - Updating master_bedroom
2025-01-02 15:03:26,968 - DEBUG - Updated priority to low
2025-01-02 15:03:26,968 - DEBUG - Updated budget to 803.99
2025-01-02 15:03:26,968 - DEBUG - Updated painting data
2025-01-02 15:03:26,973 - INFO - Created backup: converted_source.json.20250102_150326.bak
2025-01-02 15:03:26,974 - INFO - Saving changes at 2025-01-02_15-03-26
2025-01-02 15:03:26,977 - INFO - Successfully saved changes to versions\renovation_data_2025-01-02_15-03-26.json
2025-01-02 15:03:26,980 - INFO - Updated current version
2025-01-02 15:19:16,183 - ERROR - Error serving JSON file: [WinError 10053] An established connection was aborted by the software in your host machine
2025-01-02 15:19:16,204 - ERROR - Error listing JSON files: [WinError 10053] An established connection was aborted by the software in your host machine
2025-01-02 15:21:44,205 - ERROR - Connection error while sending response: [WinError 10053] An established connection was aborted by the software in your host machine
2025-01-02 20:56:44,976 - INFO - [building_management_server.py:32] - Attempting to load JSON file: converted_source.json
2025-01-02 20:56:44,977 - INFO - [building_management_server.py:37] - Successfully loaded JSON from converted_source.json
2025-01-02 20:56:44,981 - INFO - [building_management_server.py:32] - Attempting to load JSON file: converted_source.json
2025-01-02 20:56:44,982 - INFO - [building_management_server.py:37] - Successfully loaded JSON from converted_source.json
2025-01-02 20:56:44,984 - INFO - [building_management_server.py:32] - Attempting to load JSON file: converted_source.json
2025-01-02 20:56:44,985 - INFO - [building_management_server.py:37] - Successfully loaded JSON from converted_source.json
2025-01-02 20:56:59,869 - INFO - [building_management_server.py:32] - Attempting to load JSON file: versions\renovation_data_2025-01-02_15-03-26.json
2025-01-02 20:56:59,870 - INFO - [building_management_server.py:37] - Successfully loaded JSON from versions\renovation_data_2025-01-02_15-03-26.json
2025-01-02 20:56:59,870 - INFO - [building_management_server.py:521] - Starting JSON structure validation
2025-01-02 20:56:59,871 - DEBUG - [building_management_server.py:529] - Found required field: project_name
2025-01-02 20:56:59,871 - DEBUG - [building_management_server.py:529] - Found required field: last_updated
2025-01-02 20:56:59,871 - DEBUG - [building_management_server.py:529] - Found required field: status
2025-01-02 20:56:59,871 - DEBUG - [building_management_server.py:529] - Found required field: rooms
2025-01-02 20:56:59,871 - DEBUG - [building_management_server.py:537] - Validating room: guest_bathroom
2025-01-02 20:56:59,872 - DEBUG - [building_management_server.py:537] - Validating room: kitchen
2025-01-02 20:56:59,872 - DEBUG - [building_management_server.py:537] - Validating room: living_room
2025-01-02 20:56:59,872 - DEBUG - [building_management_server.py:537] - Validating room: master_bedroom
2025-01-02 20:56:59,872 - INFO - [building_management_server.py:549] - JSON structure validation completed successfully
2025-01-02 20:56:59,872 - INFO - [building_management_server.py:58] - Attempting to save JSON file: converted_source.json
2025-01-02 20:56:59,874 - INFO - [building_management_server.py:126] - Created backup: converted_source.json.20250102_205659.bak
2025-01-02 20:56:59,875 - ERROR - [building_management_server.py:73] - Error saving JSON to converted_source.json: [WinError 3] The system cannot find the path specified: ''
Traceback (most recent call last):
  File "C:\Users\denni\Documents\python_apartment_reno\building_management_server.py", line 65, in save_json_file
    os.makedirs(os.path.dirname(filepath), exist_ok=True)
  File "<frozen os>", line 225, in makedirs
FileNotFoundError: [WinError 3] The system cannot find the path specified: ''
